<?xml version="1.0" encoding="UTF-8"?>
<!-- Generated by org.testng.reporters.JUnitReportReporter -->
<testsuite skipped="0" hostname="DESKTOP-FVDUEQR" name="tests.InValidRegistrationTest" tests="1" failures="0" timestamp="09 May 2019 15:40:20 GMT" time="44.871" errors="0">
  <testcase name="validRegistration" time="44.871" classname="tests.InValidRegistrationTest"/>
</testsuite> <!-- tests.InValidRegistrationTest -->
