<?xml version="1.0" encoding="UTF-8"?>
<!-- Generated by org.testng.reporters.JUnitReportReporter -->
<testsuite skipped="0" hostname="DESKTOP-FVDUEQR" name="tests.GuestEndToEndTest" tests="7" failures="0" timestamp="11 May 2019 04:21:36 GMT" time="72.883" errors="0">
  <testcase name="guestSelectProductTest" time="9.469" classname="tests.GuestEndToEndTest"/>
  <testcase name="guestSelectProductTest" time="7.323" classname="tests.GuestEndToEndTest"/>
  <testcase name="guestSelectProductTest" time="12.692" classname="tests.GuestEndToEndTest"/>
  <testcase name="verifyMinicartCountTest" time="0.057" classname="tests.GuestEndToEndTest"/>
  <testcase name="setShippingBillingAddressTest" time="10.701" classname="tests.GuestEndToEndTest"/>
  <testcase name="reviewAndPlaceOrderTest" time="14.901" classname="tests.GuestEndToEndTest"/>
  <testcase name="adminVerification" time="17.740" classname="tests.GuestEndToEndTest"/>
</testsuite> <!-- tests.GuestEndToEndTest -->
