<?xml version="1.0" encoding="UTF-8"?>
<!-- Generated by org.testng.reporters.JUnitReportReporter -->
<testsuite skipped="0" hostname="DESKTOP-FVDUEQR" name="tests.EndToEndTest" tests="9" failures="0" timestamp="11 May 2019 06:27:31 GMT" time="131.190" errors="0">
  <testcase name="e2eRegistrationTest" time="23.191" classname="tests.EndToEndTest"/>
  <testcase name="e2eLogInTest" time="15.173" classname="tests.EndToEndTest"/>
  <testcase name="guestSelectProductTest" time="13.701" classname="tests.EndToEndTest"/>
  <testcase name="guestSelectProductTest" time="19.906" classname="tests.EndToEndTest"/>
  <testcase name="guestSelectProductTest" time="14.467" classname="tests.EndToEndTest"/>
  <testcase name="guestVerifyMinicartCountTest" time="0.033" classname="tests.EndToEndTest"/>
  <testcase name="guestSetShippingBillingAddressTest" time="12.363" classname="tests.EndToEndTest"/>
  <testcase name="guestReviewAndPlaceOrderTest" time="13.190" classname="tests.EndToEndTest"/>
  <testcase name="adminVerification" time="19.166" classname="tests.EndToEndTest"/>
</testsuite> <!-- tests.EndToEndTest -->
