<?xml version="1.0" encoding="UTF-8"?>
<!-- Generated by org.testng.reporters.JUnitReportReporter -->
<testsuite skipped="0" hostname="DESKTOP-FVDUEQR" name="tests.InValidLoginTest" tests="2" failures="0" timestamp="09 May 2019 02:57:28 GMT" time="44.244" errors="0">
  <testcase name="validLogin" time="21.770" classname="tests.InValidLoginTest"/>
  <testcase name="validLogin" time="22.474" classname="tests.InValidLoginTest"/>
</testsuite> <!-- tests.InValidLoginTest -->
