<?xml version="1.0" encoding="UTF-8"?>
<!-- Generated by org.testng.reporters.JUnitReportReporter -->
<testsuite skipped="0" hostname="DESKTOP-FVDUEQR" name="tests.ValidRegistrationTest" tests="1" failures="0" timestamp="03 May 2019 09:46:00 GMT" time="26.410" errors="0">
  <testcase name="validRegistration" time="26.410" classname="tests.ValidRegistrationTest"/>
</testsuite> <!-- tests.ValidRegistrationTest -->
