<?xml version="1.0" encoding="UTF-8"?>
<!-- Generated by org.testng.reporters.JUnitReportReporter -->
<testsuite hostname="DESKTOP-FVDUEQR" name="tests.ValidLoginTest" tests="3" failures="0" timestamp="1 May 2019 11:35:25 GMT" time="103.472" errors="0">
  <testcase name="validLogin" time="45.093" classname="tests.ValidLoginTest"/>
  <testcase name="validLogin" time="25.815" classname="tests.ValidLoginTest"/>
  <testcase name="validLogin" time="32.564" classname="tests.ValidLoginTest"/>
</testsuite> <!-- tests.ValidLoginTest -->
