<?xml version="1.0" encoding="UTF-8"?>
<!-- Generated by org.testng.reporters.JUnitReportReporter -->
<testsuite skipped="0" hostname="DESKTOP-FVDUEQR" name="tests.ValidRegistrationTest" tests="1" failures="0" timestamp="11 May 2019 05:46:07 GMT" time="32.098" errors="0">
  <testcase name="validRegistration" time="32.098" classname="tests.ValidRegistrationTest"/>
</testsuite> <!-- tests.ValidRegistrationTest -->
