<?xml version="1.0" encoding="UTF-8"?>
<!-- Generated by org.testng.reporters.JUnitReportReporter -->
<testsuite skipped="0" hostname="DESKTOP-FVDUEQR" name="tests.ValidLoginTest" tests="2" failures="0" timestamp="09 May 2019 02:59:57 GMT" time="52.106" errors="0">
  <testcase name="validLogin" time="27.244" classname="tests.ValidLoginTest"/>
  <testcase name="validLogin" time="24.862" classname="tests.ValidLoginTest"/>
</testsuite> <!-- tests.ValidLoginTest -->
