<?xml version="1.0" encoding="UTF-8"?>
<!-- Generated by org.testng.reporters.JUnitReportReporter -->
<testsuite skipped="0" hostname="DESKTOP-FVDUEQR" name="tests.ValidLoginTest" tests="2" failures="0" timestamp="04 May 2019 10:18:11 GMT" time="46.852" errors="0">
  <testcase name="validLogin" time="24.037" classname="tests.ValidLoginTest"/>
  <testcase name="validLogin" time="22.815" classname="tests.ValidLoginTest"/>
</testsuite> <!-- tests.ValidLoginTest -->
